<?xml version="1.0" encoding="UTF-8"?>
<!-- Generated by org.testng.reporters.JUnitXMLReporter -->
<testsuite ignored="0" hostname="NahidaHpLaptop" failures="0" tests="4" name="Default test" time="22.718" errors="0" timestamp="2022-08-03T00:45:31 EDT">
  <testcase classname="com.amfam.selenium.AmFamTest" name="homePage" time="10.8"/>
  <testcase classname="com.amfam.selenium.AmFamTest" name="policyHolderDetailsYou" time="7.033"/>
  <testcase classname="com.amfam.selenium.AmFamTest" name="policyHolderDetailsDriver" time="4.605"/>
  <testcase classname="com.amfam.selenium.AmFamTest" name="tearUp" time="0.25"/>
</testsuite> <!-- Default test -->
