<?xml version="1.0" encoding="UTF-8"?>
<testng-results ignored="0" total="1" passed="1" failed="0" skipped="0">
  <reporter-output>
  </reporter-output>
  <suite started-at="2022-08-02T18:51:20 EDT" name="Default suite" finished-at="2022-08-02T18:51:29 EDT" duration-ms="8965">
    <groups>
    </groups>
    <test started-at="2022-08-02T18:51:20 EDT" name="Default test" finished-at="2022-08-02T18:51:29 EDT" duration-ms="8965">
      <class name="com.amfam.selenium.AmFamTest">
        <test-method signature="seleniumTest()[pri:0, instance:com.amfam.selenium.AmFamTest@44821a96]" started-at="2022-08-02T18:51:20 EDT" name="seleniumTest" finished-at="2022-08-02T18:51:29 EDT" duration-ms="8939" status="PASS">
          <reporter-output>
          </reporter-output>
        </test-method> <!-- seleniumTest -->
      </class> <!-- com.amfam.selenium.AmFamTest -->
    </test> <!-- Default test -->
  </suite> <!-- Default suite -->
</testng-results>
